<?xml version="1.0" encoding="UTF-8"?>
<!-- Generated by org.testng.reporters.JUnitXMLReporter -->
<testsuite hostname="LAPTOP-DMCL3R6Q" ignored="0" name="Test(failed)" tests="1" failures="1" timestamp="06 Dec 2022 03:28:49 GMT" time="0.058" errors="0">
  <testcase name="test1" time="0.038" classname="homeworkCmd1.Class1_Cmd1">
    <failure type="java.lang.AssertionError" message="expected [false] but found [true]">
      <![CDATA[java.lang.AssertionError: expected [false] but found [true]
at homeworkCmd1.Class1_Cmd1.test1(Class1_Cmd1.java:14)
... Removed 35 stack frames]]>
    </failure>
  </testcase> <!-- test1 -->
</testsuite> <!-- Test(failed) -->
