<?xml version="1.0" encoding="UTF-8"?>
<!-- Generated by org.testng.reporters.JUnitXMLReporter -->
<testsuite ignored="0" hostname="LAPTOP-DMCL3R6Q" failures="0" tests="3" name="Default test" time="15.177" errors="0" timestamp="2022-12-02T21:25:52 CST">
  <testcase classname="parallel_exection_testCases.Parallel_Part1" name="logic1" time="5.334"/>
  <testcase classname="parallel_exection_testCases.Parallel_Part1" name="logic2" time="4.2"/>
  <testcase classname="parallel_exection_testCases.Parallel_Part1" name="logic3" time="5.61"/>
</testsuite> <!-- Default test -->
