<?xml version="1.0" encoding="UTF-8"?>
<!-- Generated by org.testng.reporters.JUnitXMLReporter -->
<testsuite ignored="3" hostname="LAPTOP-DMCL3R6Q" failures="0" tests="3" name="Test" time="0.041" errors="0" timestamp="2022-12-05T16:03:29 CST">
  <testcase classname="groups_in_testNG.Groups_Concepts" name="testCase2" time="0.006"/>
  <testcase classname="groups_in_testNG.Groups_Concepts" name="testCase3" time="0.001"/>
  <testcase classname="groups_in_testNG.Groups_Concepts" name="testCase6" time="0.001"/>
  <testcase classname="groups_in_testNG.Groups_Concepts" name="testCase5" time="0.0">
    <ignored/>
  </testcase> <!-- testCase5 -->
  <testcase classname="groups_in_testNG.Groups_Concepts" name="testCase4" time="0.0">
    <ignored/>
  </testcase> <!-- testCase4 -->
  <testcase classname="groups_in_testNG.Groups_Concepts" name="testCase1" time="0.0">
    <ignored/>
  </testcase> <!-- testCase1 -->
</testsuite> <!-- Test -->
